[     751ms] [INFO] May-17 00:10:32.956 [TRACER] Tracing is not sampled by default for this session. @ https://a.slack-edge.com/bv1-13-br/get-started.5f8405ea9a8cb7852f73.primer.min.js:140
[     756ms] [WARNING] May-17 00:10:32.961 TELEMETRY You tried to get a team-specific telemeter but didn’t provide enough context and are getting the generic telemeter instead which is likely not what you want. @ https://a.slack-edge.com/bv1-13-br/get-started.5f8405ea9a8cb7852f73.primer.min.js:140
[     758ms] [WARNING] May-17 00:10:32.964 TELEMETRY You tried to get a team-specific telemeter but didn’t provide enough context and are getting the generic telemeter instead which is likely not what you want. @ https://a.slack-edge.com/bv1-13-br/get-started.5f8405ea9a8cb7852f73.primer.min.js:140
[     843ms] [WARNING] May-17 00:10:33.048 TRACES You tried to get a team-specific tracer but didn’t provide enough context and are getting the generic tracer instead which is likely not what you want. @ https://a.slack-edge.com/bv1-13-br/get-started.5f8405ea9a8cb7852f73.primer.min.js:140
[     844ms] [WARNING] May-17 00:10:33.049 TRACES You tried to get a team-specific tracer but didn’t provide enough context and are getting the generic tracer instead which is likely not what you want. @ https://a.slack-edge.com/bv1-13-br/get-started.5f8405ea9a8cb7852f73.primer.min.js:140
[     844ms] [INFO] May-17 00:10:33.050 [API-Q] (T00000000) noversion-1778947833.049 signin.findWorkspaces called with reason: get_started_already_signed_into @ https://a.slack-edge.com/bv1-13-br/get-started.5f8405ea9a8cb7852f73.primer.min.js:140
[     845ms] [INFO] May-17 00:10:33.050 [API-Q] (T00000000) noversion-1778947833.049 signin.findWorkspaces is ENQUEUED @ https://a.slack-edge.com/bv1-13-br/get-started.5f8405ea9a8cb7852f73.primer.min.js:140
[     852ms] [INFO] May-17 00:10:33.057 [METRICS] Starting timers for metrics collection @ https://a.slack-edge.com/bv1-13-br/get-started.5f8405ea9a8cb7852f73.primer.min.js:140
[     913ms] [LOG] 12 CDN assets loaded OK @ https://slack.com/signin:144
[     937ms] [WARNING] Error in Optanon wrapper, please review your code. TypeError: Cannot read properties of undefined (reading 'analytics') @ https://cdn.cookielaw.org/scripttemplates/202402.1.0/otBannerSdk.js:6
[     987ms] [INFO] May-17 00:10:33.192 [API-Q] (T00000000) noversion-1778947833.049 signin.findWorkspaces is ACTIVE @ https://a.slack-edge.com/bv1-13-br/get-started.5f8405ea9a8cb7852f73.primer.min.js:140
[    1467ms] [INFO] May-17 00:10:33.672 [API-Q] (T00000000) noversion-1778947833.049 signin.findWorkspaces is RESOLVED @ https://a.slack-edge.com/bv1-13-br/get-started.5f8405ea9a8cb7852f73.primer.min.js:140
[    1483ms] [WARNING] May-17 00:10:33.689 TRACES You tried to get a team-specific tracer but didn’t provide enough context and are getting the generic tracer instead which is likely not what you want. @ https://a.slack-edge.com/bv1-13-br/get-started.5f8405ea9a8cb7852f73.primer.min.js:140
[    1484ms] [WARNING] May-17 00:10:33.689 TRACES You tried to get a team-specific tracer but didn’t provide enough context and are getting the generic tracer instead which is likely not what you want. @ https://a.slack-edge.com/bv1-13-br/get-started.5f8405ea9a8cb7852f73.primer.min.js:140
[    1484ms] [INFO] May-17 00:10:33.689 [API-Q] (T00000000) noversion-1778947833.689 signin.findWorkspaces called with reason: get_started_already_signed_into @ https://a.slack-edge.com/bv1-13-br/get-started.5f8405ea9a8cb7852f73.primer.min.js:140
[    1484ms] [INFO] May-17 00:10:33.689 [API-Q] (T00000000) noversion-1778947833.689 signin.findWorkspaces is ENQUEUED @ https://a.slack-edge.com/bv1-13-br/get-started.5f8405ea9a8cb7852f73.primer.min.js:140
[    1485ms] [INFO] May-17 00:10:33.690 [API-Q] (T00000000) noversion-1778947833.689 signin.findWorkspaces is ACTIVE @ https://a.slack-edge.com/bv1-13-br/get-started.5f8405ea9a8cb7852f73.primer.min.js:140
[    1850ms] [INFO] May-17 00:10:34.055 [API-Q] (T00000000) noversion-1778947833.689 signin.findWorkspaces is RESOLVED @ https://a.slack-edge.com/bv1-13-br/get-started.5f8405ea9a8cb7852f73.primer.min.js:140
[    2769ms] [WARNING] May-17 00:10:34.974 Couldn't complete metrics measurement for start mark 'session_lifespan' @ https://a.slack-edge.com/bv1-13-br/get-started.5f8405ea9a8cb7852f73.primer.min.js:140
[    4251ms] [ERROR] Access to font at 'https://www.apple.com/ac/globalfooter/7/zh_TW/assets/ac-footer/legacy/appleicons_text.woff' from origin 'https://appleid.apple.com' has been blocked by CORS policy: No 'Access-Control-Allow-Origin' header is present on the requested resource. @ https://appleid.apple.com/auth/authorize?client_id=com.slack.client&redirect_uri=https%3A%2F%2Foauth2.slack.com%2Fsignin%2Foauth%2Fapple%2Fend&scope=openid+email+name&response_type=code&state=%7B%22provider%22%3A%22apple%22%2C%22origin%22%3A%22signin%22%2C%22timestamp%22%3A1778947835%2C%22visitor%22%3A%225173ccaa6ef91aebfbe13c39697c1ddc%22%2C%22extra%22%3A%7B%22params%22%3A%7B%22entry_point%22%3A%22redirect_flow%22%7D%7D%7D%7Ce72046a161f6b4a54a7614a95e6104360bce9c29c963bf9f5e4e6f64c21587cf&response_mode=form_post&nonce=3f9547fd989f311ac41c5a4d04c814008e215eedceaccb395371aee78c8e3d54:1905
[    4251ms] [ERROR] Failed to load resource: net::ERR_FAILED @ https://www.apple.com/ac/globalfooter/7/zh_TW/assets/ac-footer/legacy/appleicons_text.woff:0
[    4269ms] [VERBOSE] [DOM] Password field is not contained in a form: (More info: https://goo.gl/9p2vKq) %o @ https://appleid.apple.com/auth/authorize?client_id=com.slack.client&redirect_uri=https%3A%2F%2Foauth2.slack.com%2Fsignin%2Foauth%2Fapple%2Fend&scope=openid+email+name&response_type=code&state=%7B%22provider%22%3A%22apple%22%2C%22origin%22%3A%22signin%22%2C%22timestamp%22%3A1778947835%2C%22visitor%22%3A%225173ccaa6ef91aebfbe13c39697c1ddc%22%2C%22extra%22%3A%7B%22params%22%3A%7B%22entry_point%22%3A%22redirect_flow%22%7D%7D%7D%7Ce72046a161f6b4a54a7614a95e6104360bce9c29c963bf9f5e4e6f64c21587cf&response_mode=form_post&nonce=3f9547fd989f311ac41c5a4d04c814008e215eedceaccb395371aee78c8e3d54:0
[    4284ms] [ERROR] Access to font at 'https://www.apple.com/ac/globalfooter/7/zh_TW/assets/ac-footer/legacy/appleicons_text.ttf' from origin 'https://appleid.apple.com' has been blocked by CORS policy: No 'Access-Control-Allow-Origin' header is present on the requested resource. @ https://appleid.apple.com/auth/authorize?client_id=com.slack.client&redirect_uri=https%3A%2F%2Foauth2.slack.com%2Fsignin%2Foauth%2Fapple%2Fend&scope=openid+email+name&response_type=code&state=%7B%22provider%22%3A%22apple%22%2C%22origin%22%3A%22signin%22%2C%22timestamp%22%3A1778947835%2C%22visitor%22%3A%225173ccaa6ef91aebfbe13c39697c1ddc%22%2C%22extra%22%3A%7B%22params%22%3A%7B%22entry_point%22%3A%22redirect_flow%22%7D%7D%7D%7Ce72046a161f6b4a54a7614a95e6104360bce9c29c963bf9f5e4e6f64c21587cf&response_mode=form_post&nonce=3f9547fd989f311ac41c5a4d04c814008e215eedceaccb395371aee78c8e3d54:0
[    4284ms] [ERROR] Failed to load resource: net::ERR_FAILED @ https://www.apple.com/ac/globalfooter/7/zh_TW/assets/ac-footer/legacy/appleicons_text.ttf:0
[   87938ms] [INFO] May-17 00:12:00.143 [TRACER] Tracing is not sampled by default for this session. @ https://a.slack-edge.com/bv1-13-br/get-started.5f8405ea9a8cb7852f73.primer.min.js:140
[   87943ms] [WARNING] May-17 00:12:00.148 TELEMETRY You tried to get a team-specific telemeter but didn’t provide enough context and are getting the generic telemeter instead which is likely not what you want. @ https://a.slack-edge.com/bv1-13-br/get-started.5f8405ea9a8cb7852f73.primer.min.js:140
[   87946ms] [WARNING] May-17 00:12:00.151 TELEMETRY You tried to get a team-specific telemeter but didn’t provide enough context and are getting the generic telemeter instead which is likely not what you want. @ https://a.slack-edge.com/bv1-13-br/get-started.5f8405ea9a8cb7852f73.primer.min.js:140
[   87956ms] [INFO] May-17 00:12:00.161 [METRICS] Starting timers for metrics collection @ https://a.slack-edge.com/bv1-13-br/get-started.5f8405ea9a8cb7852f73.primer.min.js:140
[   88015ms] [WARNING] May-17 00:12:00.220 TRACES You tried to get a team-specific tracer but didn’t provide enough context and are getting the generic tracer instead which is likely not what you want. @ https://a.slack-edge.com/bv1-13-br/get-started.5f8405ea9a8cb7852f73.primer.min.js:140
[   88018ms] [WARNING] May-17 00:12:00.223 TRACES You tried to get a team-specific tracer but didn’t provide enough context and are getting the generic tracer instead which is likely not what you want. @ https://a.slack-edge.com/bv1-13-br/get-started.5f8405ea9a8cb7852f73.primer.min.js:140
[   88018ms] [INFO] May-17 00:12:00.224 [API-Q] (T00000000) noversion-1778947920.221 signin.findWorkspaces called with reason: get_started_workspaces @ https://a.slack-edge.com/bv1-13-br/get-started.5f8405ea9a8cb7852f73.primer.min.js:140
[   88019ms] [INFO] May-17 00:12:00.224 [API-Q] (T00000000) noversion-1778947920.221 signin.findWorkspaces is ENQUEUED @ https://a.slack-edge.com/bv1-13-br/get-started.5f8405ea9a8cb7852f73.primer.min.js:140
[   88020ms] [LOG] 12 CDN assets loaded OK @ https://slack.com/signin?entry_point=redirect_flow:144
[   88038ms] [WARNING] Error in Optanon wrapper, please review your code. TypeError: Cannot read properties of undefined (reading 'analytics') @ https://cdn.cookielaw.org/scripttemplates/202402.1.0/otBannerSdk.js:6
[   88207ms] [INFO] May-17 00:12:00.413 [API-Q] (T00000000) noversion-1778947920.221 signin.findWorkspaces is ACTIVE @ https://a.slack-edge.com/bv1-13-br/get-started.5f8405ea9a8cb7852f73.primer.min.js:140
[   88988ms] [INFO] May-17 00:12:01.194 [API-Q] (T00000000) noversion-1778947920.221 signin.findWorkspaces is RESOLVED @ https://a.slack-edge.com/bv1-13-br/get-started.5f8405ea9a8cb7852f73.primer.min.js:140
[   89006ms] [WARNING] May-17 00:12:01.211 Couldn't complete metrics measurement for start mark 'session_lifespan' @ https://a.slack-edge.com/bv1-13-br/get-started.5f8405ea9a8cb7852f73.primer.min.js:140
[   89084ms] [ERROR] Access to XMLHttpRequest at 'https://ibc-flow.techtarget.com/a/gif.gif?actTypeId=31&cid=17821466&r=1778947920747&ref=https%3A%2F%2Fslack.com%2Fsignin%3Fentry_point%3Dredirect_flow&version=2.4' from origin 'https://slack.com' has been blocked by CORS policy: No 'Access-Control-Allow-Origin' header is present on the requested resource. @ https://slack.com/signin?entry_point=redirect_flow#workspaces:0
[   89084ms] [ERROR] Failed to load resource: net::ERR_FAILED @ https://ibc-flow.techtarget.com/a/gif.gif?actTypeId=31&cid=17821466&r=1778947920747&ref=https%3A%2F%2Fslack.com%2Fsignin%3Fentry_point%3Dredirect_flow&version=2.4:0
[   90796ms] [ERROR] Loading the script 'https://cdn.cookielaw.org/scripttemplates/202402.1.0/otBannerSdk.js' violates the following Content Security Policy directive: "script-src 'self' https://a.slack-edge.com/ https://b.slack-edge.com/ 'nonce-qHOIwQW6UnczVDgLeSig8qHq' 'nonce-TRRBwT7bUInDxNAmwnETQSc5' 'nonce-HqRVFCLKGcDC6FIVGOAc8wgn' 'nonce-IFr3Wl1ZmKC4pGzgTZXF2LTO' 'unsafe-hashes' 'sha256-GUpueGUVrcw+untrijipvFOtKP0qk0+9gXJmtL5n0q4=' 'sha256-B4AFXj4F5I7gyTm8Q/i9fq1czuaca3qF8KdTh5CX0GE='". Note that 'script-src-elem' was not explicitly set, so 'script-src' is used as a fallback. The action has been blocked. @ https://cdn.cookielaw.org/scripttemplates/otSDKStub.js:0
[   90797ms] [ERROR] Loading the image 'https://edgar-beyourself-1795.slack.com/beacon/track/?d=eyJ0aW1lIjoxNzc4OTQ3OTIyOTkzLCJldmVudCI6InBhZ2V2aWV3IiwidG9rZW4iOiIzMzA3ZjQzNjk2M2UwMmQ0ZjllYjg1Y2U1MTU5NzQ0YyIsInVybCI6Imh0dHBzOi8vZWRnYXItYmV5b3Vyc2VsZi0xNzk1LnNsYWNrLmNvbS96LWFwcC0xMDAzODI3NDYxMzUzNy0xMTE0ODg2NDU1MjAyMC0yYzA1ODkxMWYyMTk1Zjk4NjBlZDVjMWU1MWQxMjViNmZiZjhjYWE3MDZjNDBlODIyZjEyMzIzOWY3ZWQxYTg3In0%3D' violates the following Content Security Policy directive: "img-src ". The action has been blocked. @ https://edgar-beyourself-1795.slack.com/z-app-10038274613537-11148864552020-2c058911f2195f9860ed5c1e51d125b6fbf8caa706c40e822f123239f7ed1a87:0
[   90797ms] [ERROR] Connecting to 'https://slack.com/beacon/timing?data=ERROR%20caught%20in%20js%2Finline%2Fregister_global_error_handler%20-%20%5Berror%5D%20from%20script%20at%20https%3A%2F%2Fcdn.cookielaw.org%2Fscripttemplates%2F202402.1.0%2FotBannerSdk.js%20(failed%20to%20load%3F)%3A1' violates the following Content Security Policy directive: "connect-src ". The action has been blocked. @ https://edgar-beyourself-1795.slack.com/z-app-10038274613537-11148864552020-2c058911f2195f9860ed5c1e51d125b6fbf8caa706c40e822f123239f7ed1a87:314
[   92474ms] [ERROR] Loading the font 'https://a.slack-edge.com/bv1-13-br/slack-icons-v2-913df50.woff2' violates the following Content Security Policy directive: "font-src ". The action has been blocked. @ https://edgar-beyourself-1795.slack.com/z-app-10038274613537-11148864552020-2c058911f2195f9860ed5c1e51d125b6fbf8caa706c40e822f123239f7ed1a87:724
[   92474ms] [ERROR] Loading the font 'https://a.slack-edge.com/bv1-13-br/slack-icons-v2-dafd53e.woff' violates the following Content Security Policy directive: "font-src ". The action has been blocked. @ https://edgar-beyourself-1795.slack.com/z-app-10038274613537-11148864552020-2c058911f2195f9860ed5c1e51d125b6fbf8caa706c40e822f123239f7ed1a87:724
[   92482ms] [ERROR] Executing inline script violates the following Content Security Policy directive 'script-src 'self' https://a.slack-edge.com/ https://b.slack-edge.com/ 'nonce-qHOIwQW6UnczVDgLeSig8qHq' 'nonce-TRRBwT7bUInDxNAmwnETQSc5' 'nonce-HqRVFCLKGcDC6FIVGOAc8wgn' 'nonce-IFr3Wl1ZmKC4pGzgTZXF2LTO' 'unsafe-hashes' 'sha256-GUpueGUVrcw+untrijipvFOtKP0qk0+9gXJmtL5n0q4=' 'sha256-B4AFXj4F5I7gyTm8Q/i9fq1czuaca3qF8KdTh5CX0GE=''. Either the 'unsafe-inline' keyword, a hash ('sha256-afbieiZaU0LNrGKuz4a+d2PUI9WRo+9sH6N9e5dNf9E='), or a nonce ('nonce-...') is required to enable inline execution. The action has been blocked. @ https://edgar-beyourself-1795.slack.com/z-app-10038274613537-11148864552020-2c058911f2195f9860ed5c1e51d125b6fbf8caa706c40e822f123239f7ed1a87:724
[   92485ms] [ERROR] May-17 00:12:04.690 BULK-ADD-EXPERIMENTS (T00000000) {error: Experiments state was overridden} @ https://a.slack-edge.com/bv1-13-br/enter-code-core.6a50f7f7453ff17c58f8.primer.min.js:140
[   92487ms] [ERROR] Connecting to 'https://slack.com/beacon/error' violates the following Content Security Policy directive: "connect-src ". The action has been blocked. @ https://a.slack-edge.com/bv1-13-br/enter-code-core.6a50f7f7453ff17c58f8.primer.min.js:140
[   92487ms] [ERROR] Fetch API cannot load https://slack.com/beacon/error. Refused to connect because it violates the document's Content Security Policy. @ https://a.slack-edge.com/bv1-13-br/enter-code-core.6a50f7f7453ff17c58f8.primer.min.js:140
[   92488ms] [INFO] May-17 00:12:04.694 [TRACER] Tracing is not sampled by default for this session. @ https://a.slack-edge.com/bv1-13-br/enter-code-core.6a50f7f7453ff17c58f8.primer.min.js:140
[   92497ms] [WARNING] May-17 00:12:04.700 TELEMETRY You tried to get a team-specific telemeter but didn’t provide enough context and are getting the generic telemeter instead which is likely not what you want. @ https://a.slack-edge.com/bv1-13-br/enter-code-core.6a50f7f7453ff17c58f8.primer.min.js:140
[   92507ms] [ERROR] Loading the image 'https://a.slack-edge.com/bv1-13/slack_logo-e971fd7.svg' violates the following Content Security Policy directive: "img-src ". The action has been blocked. @ https://a.slack-edge.com/bv1-13-br/primer-vendor.9b9d38fc19b926be41fe.primer.min.js:77
[   92514ms] [ERROR] Loading the image 'https://a.slack-edge.com/bv1-13/slack_logo-e971fd7.svg' violates the following Content Security Policy directive: "img-src ". The action has been blocked. @ https://a.slack-edge.com/bv1-13-br/primer-vendor.9b9d38fc19b926be41fe.primer.min.js:84
[   92563ms] [INFO] May-17 00:12:04.768 [METRICS] Starting timers for metrics collection @ https://a.slack-edge.com/bv1-13-br/enter-code-core.6a50f7f7453ff17c58f8.primer.min.js:140
[  101297ms] [ERROR] Connecting to 'https://slack.com/clog/track/' violates the following Content Security Policy directive: "connect-src ". The action has been blocked. @ https://a.slack-edge.com/bv1-13-br/enter-code-core.6a50f7f7453ff17c58f8.primer.min.js:246
[  101298ms] [WARNING] May-17 00:12:13.503 Couldn't complete metrics measurement for start mark 'session_lifespan' @ https://a.slack-edge.com/bv1-13-br/enter-code-core.6a50f7f7453ff17c58f8.primer.min.js:140
[  103929ms] [LOG] 10 CDN assets loaded OK @ https://edgar-beyourself-1795.slack.com/ssb/redirect:144
[  103935ms] [INFO] May-17 00:12:16.140 [TRACER] Tracing is not sampled by default for this session. @ https://a.slack-edge.com/bv1-13-br/ssb-redirect-core.170682da4ce6b38019ef.primer.min.js:140
[  103946ms] [WARNING] Error in Optanon wrapper, please review your code. ReferenceError: loadGTM is not defined @ https://cdn.cookielaw.org/scripttemplates/202402.1.0/otBannerSdk.js:6
[  104002ms] [INFO] May-17 00:12:16.207 [UFM-MEMBERS] (T0A1482J1FT) requesting U0A0MT4PRHT (1) @ https://a.slack-edge.com/bv1-13-br/ssb-redirect-core.170682da4ce6b38019ef.primer.min.js:140
[  104006ms] [WARNING] May-17 00:12:16.210 TRACES You tried to get a team-specific tracer but didn’t provide enough context and are getting the generic tracer instead which is likely not what you want. @ https://a.slack-edge.com/bv1-13-br/ssb-redirect-core.170682da4ce6b38019ef.primer.min.js:140
[  104007ms] [WARNING] May-17 00:12:16.213 TRACES You tried to get a team-specific tracer but didn’t provide enough context and are getting the generic tracer instead which is likely not what you want. @ https://a.slack-edge.com/bv1-13-br/ssb-redirect-core.170682da4ce6b38019ef.primer.min.js:140
[  104008ms] [INFO] May-17 00:12:16.213 [API-Q] (T0A1482J1FT) noversion-1778947936.211 api.getFlannelHttpUrl called with reason: client-needs-valid-flannel-url @ https://a.slack-edge.com/bv1-13-br/ssb-redirect-core.170682da4ce6b38019ef.primer.min.js:140
[  104008ms] [INFO] May-17 00:12:16.214 [API-Q] (T0A1482J1FT) noversion-1778947936.211 api.getFlannelHttpUrl is ENQUEUED @ https://a.slack-edge.com/bv1-13-br/ssb-redirect-core.170682da4ce6b38019ef.primer.min.js:140
[  104069ms] [INFO] May-17 00:12:16.275 [API-Q] (T0A1482J1FT) noversion-1778947936.211 api.getFlannelHttpUrl is ACTIVE @ https://a.slack-edge.com/bv1-13-br/ssb-redirect-core.170682da4ce6b38019ef.primer.min.js:140
[  104364ms] [ERROR] Access to XMLHttpRequest at 'https://slack.com/clog/track/' from origin 'https://edgar-beyourself-1795.slack.com' has been blocked by CORS policy: No 'Access-Control-Allow-Origin' header is present on the requested resource. @ https://edgar-beyourself-1795.slack.com/ssb/redirect:0
[  104364ms] [ERROR] Failed to load resource: net::ERR_FAILED @ https://slack.com/clog/track/:0
[  104381ms] [ERROR] Access to XMLHttpRequest at 'https://slack.com/clog/track/' from origin 'https://edgar-beyourself-1795.slack.com' has been blocked by CORS policy: No 'Access-Control-Allow-Origin' header is present on the requested resource. @ https://edgar-beyourself-1795.slack.com/ssb/redirect:0
[  104382ms] [ERROR] Failed to load resource: net::ERR_FAILED @ https://slack.com/clog/track/:0
[  104415ms] [INFO] May-17 00:12:16.621 [API-Q] (T0A1482J1FT) noversion-1778947936.211 api.getFlannelHttpUrl is REJECTED: API not ok not_authed @ https://a.slack-edge.com/bv1-13-br/ssb-redirect-core.170682da4ce6b38019ef.primer.min.js:140
[  104417ms] [WARNING] May-17 00:12:16.622 TRACES You tried to get a team-specific tracer but didn’t provide enough context and are getting the generic tracer instead which is likely not what you want. @ https://a.slack-edge.com/bv1-13-br/ssb-redirect-core.170682da4ce6b38019ef.primer.min.js:140
[  104419ms] [INFO] May-17 00:12:16.625 [FLANNEL] (T0A1482J1FT) giving up on users/info call @ https://a.slack-edge.com/bv1-13-br/ssb-redirect-core.170682da4ce6b38019ef.primer.min.js:140
[  104420ms] [WARNING] May-17 00:12:16.625 (T0A1482J1FT) Flannel chunk fetch failed: [object Object], U0A0MT4PRHT, U0A0MT4PRHT @ https://a.slack-edge.com/bv1-13-br/ssb-redirect-core.170682da4ce6b38019ef.primer.min.js:140
[  104420ms] [INFO] May-17 00:12:16.626 [UFM-MEMBERS] (T0A1482J1FT) received U0A0MT4PRHT (1) @ https://a.slack-edge.com/bv1-13-br/ssb-redirect-core.170682da4ce6b38019ef.primer.min.js:140
[  104421ms] [WARNING] May-17 00:12:16.626 UFM-members (T0A1482J1FT) UnknownFetchManager requested 1 objects but received 0. Missing objects: U0A0MT4PRHT @ https://a.slack-edge.com/bv1-13-br/ssb-redirect-core.170682da4ce6b38019ef.primer.min.js:140
[  106518ms] [INFO] Launched external handler for 'slack://T0A1482J1FT/magic-login/11141860571109-d3a414890fd69dfc7aa578bdcb0306622132c6744cd10f410f199aa1717178b6?id=1'. @ https://edgar-beyourself-1795.slack.com/ssb/redirect:0
