[     730ms] [LOG] %c __                                               _____          __          __           ______          v1.65471.0
/\ \       __                                    /\  __`\       /\ \      __/\ \__       /\__  _\                       
\ \ \     /\_\    ___      __     __     _ __    \ \ \/\ \  _ __\ \ \____/\_\ \ ,_\      \/_/\ \/     ___     ___       
 \ \ \  __\/\ \ /' _ `\  /'__`\ /'__`\  /\`'__\   \ \ \ \ \/\`'__\ \ '__`\/\ \ \ \/         \ \ \   /' _ `\  /'___\     
  \ \ \L\ \\ \ \/\ \/\ \/\  __//\ \L\.\_\ \ \/     \ \ \_\ \ \ \/ \ \ \L\ \ \ \ \ \_  __     \_\ \__/\ \/\ \/\ \__/  __ 
   \ \____/ \ \_\ \_\ \_\ \____\ \__/.\_\\ \_\      \ \_____\ \_\  \ \_,__/\ \_\ \__\/\ \    /\_____\ \_\ \_\ \____\/\_\
    \/___/   \/_/\/_/\/_/\/____/\/__/\/_/ \/_/       \/_____/\/_/   \/___/  \/_/\/__/\ \/    \/_____/\/_/\/_/\/____/\/_/
                                                                                      \/

The product development system for teams and agents

WE'RE HIRING: https://linear.app/careers
CHANGELOG:    https://linear.app/changelog
 
  font-family: monospace;
  color: #282A30;
   @ https://static.linear.app/client/assets/vendor-sentry.djDVAJCa.js:5
[    6263ms] [LOG] %c%s color: red; background: yellow; font-size: 24px; 警告！ @ https://www.gstatic.com/_/mss/boq-identity/_/js/k=boq-identity.AccountsSignInUi.zh_TW.KuUeoasjUds.es5.O/am=iW8AAACEQhQhA4D9__8DAAggiA74ngVoAoQMAAAAAAAAAABYAAAAjQ/d=1/excm=_b,_tp,accountchooserview/ed=1/dg=0/wt=2/ujg=1/rs=AOaEmlEdSMsL4mXapS_GXAIFHbl5sq5Hxg/dti=1/m=_b,_tp:545
[    6264ms] [LOG] %c%s font-size: 18px; 使用這個主控台可能會讓攻擊者有機會利用名為 Self-XSS 的攻擊方式冒用您的身分，然後竊取您的資訊。
請勿輸入或貼上來路不明的程式碼。 @ https://www.gstatic.com/_/mss/boq-identity/_/js/k=boq-identity.AccountsSignInUi.zh_TW.KuUeoasjUds.es5.O/am=iW8AAACEQhQhA4D9__8DAAggiA74ngVoAoQMAAAAAAAAAABYAAAAjQ/d=1/excm=_b,_tp,accountchooserview/ed=1/dg=0/wt=2/ujg=1/rs=AOaEmlEdSMsL4mXapS_GXAIFHbl5sq5Hxg/dti=1/m=_b,_tp:545
[    7958ms] [WARNING] Blocked aria-hidden on an element because its descendant retained focus. The focus must not be hidden from assistive technology users. Avoid using aria-hidden on a focused element or its ancestor. Consider using the inert attribute instead, which will also prevent focus. For more details, see the aria-hidden section of the WAI-ARIA specification at https://w3c.github.io/aria/#aria-hidden.
Element with focus: <div.sZwd7c B6Vhqe>
Ancestor with aria-hidden: <div.TdwKnf> @ https://accounts.google.com/v3/signin/accountchooser?access_type=offline&client_id=463717515632-5f96ed9uaue5p206umg9toffdbfmsfbm.apps.googleusercontent.com&prompt=consent&redirect_uri=https%3A%2F%2Flinear.app%2Fauth%2Fgoogle%2Fcallback&response_type=code&scope=https%3A%2F%2Fwww.googleapis.com%2Fauth%2Fuserinfo.email+https%3A%2F%2Fwww.googleapis.com%2Fauth%2Fuserinfo.profile&state=%7B%22key%22%3A%22czXD9a2F7roJKZJpNwxNQjxAaSG5YYMx%22%2C%22isMobileAppLogin%22%3Afalse%7D&dsh=S1477559764%3A1779736657546762&o2v=2&service=lso&flowName=GeneralOAuthFlow&opparams=%253F&continue=https%3A%2F%2Faccounts.google.com%2Fsignin%2Foauth%2Fconsent%3Fauthuser%3Dunknown%26part%3DAJi8hAP3oQNgG2hzsQ5JDBg9dGjnQQYj3QUmaESl0mZAqo6BT6F79BjX98iLY6QDolgP0Wc3FjG6NfgOoT9d52fL1zYB99T1y1LFQYt-2pj9gE79O9klva25ttGScSBzi7t3GoWPUOzwElF4RlHCNj28w2oTYaKF_fzMIMnU0sFrjQ1QMKy3AyU0Zp0A5wWz3Cs9wCUF8J7p86KpW9N4vGZyYLd3IBCZoYYR8WJgJ8fGdA56_VpGsPBkv34lN6O91ItHvh6p0aQknEpJyKqf-8MPMjLzB2uqSguHlUskjymqJSUK9gtOeN_24tqtxeS0rCX3ajFw8NG5Lb3DateD-RFi7lih6SVig30Ti4dAn5tSL_8X3BvkUZFdZv5oGZFuGQH1Ya_YEnN-Z4mNlDRptrfidwmW0aZYwxC2pSeW_rSuBCQH6EqrZ2NUDUCJg4rpIXJ-Qw2SFjCs3eB7xwF5NMX-o6djKN5XcA%26flowName%3DGeneralOAuthFlow%26as%3DS1477559764%253A1779736657546762%26client_id%3D463717515632-5f96ed9uaue5p206umg9toffdbfmsfbm.apps.googleusercontent.com%26requestPath%3D%252Fsignin%252Foauth%252Fconsent%23&app_domain=https%3A%2F%2Flinear.app:0
[    9124ms] [LOG] %c%s color: red; background: yellow; font-size: 24px; 警告！ @ https://www.gstatic.com/_/mss/boq-identity/_/js/k=boq-identity.OAuthUi.zh_TW.Wf08UqUx3mE.es5.O/am=8gMAAABQBGAA4P__P4AgOvCeAQoQAAAAAAAAAAAMAAAR/d=1/excm=_b,_tp,attributesview/ed=1/dg=0/wt=2/ujg=1/rs=AOaEmlHPNSEUn5BG40Wv9nywxqqLnjkhbg/dti=1/m=_b,_tp:531
[    9124ms] [LOG] %c%s font-size: 18px; 使用這個主控台可能會讓攻擊者有機會利用名為 Self-XSS 的攻擊方式冒用您的身分，然後竊取您的資訊。
請勿輸入或貼上來路不明的程式碼。 @ https://www.gstatic.com/_/mss/boq-identity/_/js/k=boq-identity.OAuthUi.zh_TW.Wf08UqUx3mE.es5.O/am=8gMAAABQBGAA4P__P4AgOvCeAQoQAAAAAAAAAAAMAAAR/d=1/excm=_b,_tp,attributesview/ed=1/dg=0/wt=2/ujg=1/rs=AOaEmlHPNSEUn5BG40Wv9nywxqqLnjkhbg/dti=1/m=_b,_tp:531
[   11435ms] [WARNING] Blocked aria-hidden on an element because its descendant retained focus. The focus must not be hidden from assistive technology users. Avoid using aria-hidden on a focused element or its ancestor. Consider using the inert attribute instead, which will also prevent focus. For more details, see the aria-hidden section of the WAI-ARIA specification at https://w3c.github.io/aria/#aria-hidden.
Element with focus: <div.sZwd7c B6Vhqe>
Ancestor with aria-hidden: <div.TdwKnf> @ https://accounts.google.com/signin/oauth/id?authuser=0&part=AJi8hAMxKHc3ubqqv7vNx85X0FuHXi7yZBETMo8ilNiCWvPwK3NGeZKAzql6MRjXJXt66SU1Ss9_ZboKOMwf4C5rdWL8YELKT3VF6qYgn7mLF6t_18LK-hWZBHWuH8e7OUy0F1g9gfIazhwjd34nXJa40W_MKZ5RlzugBYOrabS9DmU4DPfQW8NkLCxu0TvOTN4YaaE0lzkQ1E_c1abhV6Yfat8dtU7U7EzmFi6obyuiL91xthEeW6TSgU2lbzzqVwWPyrnbZYiNFincXXjcrdueOtCNob3h6vwycffo29CcmOpwOPruIQDygPjAy1UShqTfZZV8n2Bv_Z6CN22lMMvId-r3LxtVhIxiM4D2ITEcWJrCBdaMpuYiRsj2W5zFjIWfsYKUx66W0Q1ruN3O4xW8d0pbRePxH9-tozfEXTaiHqZF__YbimWzp0jLLBSTiHNBHC_6HvCz-onFA9hJysgUxLlb7vlDolu6zmOPhFrH2EI7DV7W0knTj_jwgski3N_IKtnny9gUsCvbEj9VhaJIdSciXVhKJus4ZauOQNV3oQAvrPBVa-xuelposd1190Arxqt6fs4GCBGJg3Lbcv1orenR0tgpvTIuNiyTzPmgqEMdAM3lN7deSVbqrUiJswOT_YeUvm1nVFxOEi8nZtnhsxE1BdHyPRiIMiOxNpxjMeSMI3P1JrMGFyUfv90hK9SCUB4PYu-ewovEjl_i2ozXG3d3E8b7bqstIX72YLU54HarQGwpj7Dtf5YYW0nKx9TDTicZ7874Dss2sIz1J7QJOYZ3mYZEfOeIZ6tB4Jf5iN0QdcAjo-64GQjHaEPp5XuCZU3Em1xl0QRFVbys49Q10KVGXjYk-W4YfECbyi8jNqt6NvJZzteGU2P30fNsjyriNCUyUS6keG0tyXZiF5EPqCkDZFFjhyCyA_ApPX1-mRugyCwslX8W9pa8TyHrl7qAoy1GcvJyb5apfm-lXL-maIUBGY0qdg&flowName=GeneralOAuthFlow&as=S1477559764%3A1779736657546762&client_id=463717515632-5f96ed9uaue5p206umg9toffdbfmsfbm.apps.googleusercontent.com&rapt=AEjHL4NSvsxEDckpjO_kavs4evUEz2a8n35tLTYLoTWGiLaLH8XbwBdqEp7i9ZlrlQDNzc54HDAo1wlzpxFYf5jz809_PnITC-8GgkIMdJnMjqC3r8kq59A#:0
[   12081ms] [LOG] %c __                                               _____          __          __           ______          v1.65471.0
/\ \       __                                    /\  __`\       /\ \      __/\ \__       /\__  _\                       
\ \ \     /\_\    ___      __     __     _ __    \ \ \/\ \  _ __\ \ \____/\_\ \ ,_\      \/_/\ \/     ___     ___       
 \ \ \  __\/\ \ /' _ `\  /'__`\ /'__`\  /\`'__\   \ \ \ \ \/\`'__\ \ '__`\/\ \ \ \/         \ \ \   /' _ `\  /'___\     
  \ \ \L\ \\ \ \/\ \/\ \/\  __//\ \L\.\_\ \ \/     \ \ \_\ \ \ \/ \ \ \L\ \ \ \ \ \_  __     \_\ \__/\ \/\ \/\ \__/  __ 
   \ \____/ \ \_\ \_\ \_\ \____\ \__/.\_\\ \_\      \ \_____\ \_\  \ \_,__/\ \_\ \__\/\ \    /\_____\ \_\ \_\ \____\/\_\
    \/___/   \/_/\/_/\/_/\/____/\/__/\/_/ \/_/       \/_____/\/_/   \/___/  \/_/\/__/\ \/    \/_____/\/_/\/_/\/____/\/_/
                                                                                      \/

The product development system for teams and agents

WE'RE HIRING: https://linear.app/careers
CHANGELOG:    https://linear.app/changelog
 
  font-family: monospace;
  color: #282A30;
   @ https://static.linear.app/client/assets/vendor-sentry.djDVAJCa.js:5
[  150368ms] [LOG] %c __                                               _____          __          __           ______          v1.65471.0
/\ \       __                                    /\  __`\       /\ \      __/\ \__       /\__  _\                       
\ \ \     /\_\    ___      __     __     _ __    \ \ \/\ \  _ __\ \ \____/\_\ \ ,_\      \/_/\ \/     ___     ___       
 \ \ \  __\/\ \ /' _ `\  /'__`\ /'__`\  /\`'__\   \ \ \ \ \/\`'__\ \ '__`\/\ \ \ \/         \ \ \   /' _ `\  /'___\     
  \ \ \L\ \\ \ \/\ \/\ \/\  __//\ \L\.\_\ \ \/     \ \ \_\ \ \ \/ \ \ \L\ \ \ \ \ \_  __     \_\ \__/\ \/\ \/\ \__/  __ 
   \ \____/ \ \_\ \_\ \_\ \____\ \__/.\_\\ \_\      \ \_____\ \_\  \ \_,__/\ \_\ \__\/\ \    /\_____\ \_\ \_\ \____\/\_\
    \/___/   \/_/\/_/\/_/\/____/\/__/\/_/ \/_/       \/_____/\/_/   \/___/  \/_/\/__/\ \/    \/_____/\/_/\/_/\/____/\/_/
                                                                                      \/

The product development system for teams and agents

WE'RE HIRING: https://linear.app/careers
CHANGELOG:    https://linear.app/changelog
 
  font-family: monospace;
  color: #282A30;
   @ https://static.linear.app/client/assets/vendor-sentry.djDVAJCa.js:5
